#
# A fatal error has been detected by the Java Runtime Environment:
#
#  SIGSEGV (0xb) at pc=0x00007f4c1df358be, pid=3854, tid=139964623431424
#
# JRE version: 7.0_25-b15
# Java VM: Java HotSpot(TM) 64-Bit Server VM (23.25-b01 mixed mode linux-amd64 compressed oops)
# Problematic frame:
# V  [libjvm.so+0x5ce8be]  JNIHandles::checked_resolve_jmethod_id(_jmethodID*)+0xe
#
# Failed to write core dump. Core dumps have been disabled. To enable core dumping, try "ulimit -c unlimited" before starting Java again
#
# If you would like to submit a bug report, please visit:
#   http://bugreport.sun.com/bugreport/crash.jsp
#

---------------  T H R E A D  ---------------

Current thread (0x00007f4c180f8000):  JavaThread "JDWP Transport Listener: dt_socket" daemon [_thread_in_vm, id=3870, stack(0x00007f4c0d992000,0x00007f4c0da93000)]

siginfo:si_signo=SIGSEGV: si_errno=0, si_code=1 (SEGV_MAPERR), si_addr=0x000000003b72656b

Registers:
RAX=0x0000000000000001, RBX=0x00007f4c18004c00, RCX=0x00007f4c1f0822e0, RDX=0x00007f4c1e65b220
RSP=0x00007f4c0da916c0, RBP=0x00007f4c0da916d0, RSI=0x00007f4c180f8000, RDI=0x000000003b72656b
R8 =0x0000000000000056, R9 =0x0000000000000000, R10=0x0000000000000010, R11=0x00007f4c1e814740
R12=0x0000000000000017, R13=0x000000003b72656b, R14=0x00007f4c180f8000, R15=0x00007f4c0da917d7
RIP=0x00007f4c1df358be, EFLAGS=0x0000000000010202, CSGSFS=0x0000000000000033, ERR=0x0000000000000004
  TRAPNO=0x000000000000000e

Top of Stack: (sp=0x00007f4c0da916c0)
0x00007f4c0da916c0:   0000000000000074 00007f4c18004c00
0x00007f4c0da916d0:   00007f4c0da91740 00007f4c1df276ee
0x00007f4c0da916e0:   00007f4bd4004ac0 00007f4c0da916f0
0x00007f4c0da916f0:   00007f4c180f8000 0000000000000000
0x00007f4c0da91700:   00007f4c00000000 0000000000000000
0x00007f4c0da91710:   00007f4c0da91730 00007f4c1d020e40
0x00007f4c0da91720:   000000003b72656b 00007f4c0da917d7
0x00007f4c0da91730:   0000000000000004 00007f4c0da917d7
0x00007f4c0da91740:   00007f4c0da91770 00007f4c1ce0c2f2
0x00007f4c0da91750:   00007f4c0da91770 000000003b72656b
0x00007f4c0da91760:   00007f4c0da91840 0000000000000020
0x00007f4c0da91770:   00007f4c0da91800 00007f4c1cded980
0x00007f4c0da91780:   00007f4c0da917b8 00007f4c0da917b0
0x00007f4c0da91790:   00007f4c0da917a8 00007f4c0da917cc
0x00007f4c0da917a0:   00000001d4002f20 0000000000000000
0x00007f4c0da917b0:   0000000000000000 0000000000000000
0x00007f4c0da917c0:   00007f4bd4004410 0000000a0da91840
0x00007f4c0da917d0:   0000000000000005 0000000000000002
0x00007f4c0da917e0:   000000000000000f 0000000000000002
0x00007f4c0da917f0:   00000000000f0200 000000000000000f
0x00007f4c0da91800:   00007f4c0da91a50 00007f4c1cdf8806
0x00007f4c0da91810:   0000096c00000013 00007f4c1d0f0200
0x00007f4c0da91820:   00007f4bcc000fb0 00007f4c180f9550
0x00007f4c0da91830:   00007f4c0da91840 00007f4c0da919d0
0x00007f4c0da91840:   00007f4c0da91995 00007f4c00000027
0x00007f4c0da91850:   00007f4c0da91858 00007f4c00000105
0x00007f4c0da91860:   00007f4c0da91890 0000000000000000
0x00007f4c0da91870:   00007f0000000000 0000096c0000001c
0x00007f4c0da91880:   00007f4c00001880 00007f4c0da91890
0x00007f4c0da91890:   4b7f000005000000 17000000205700d4
0x00007f4c0da918a0:   65636341676e6966 6441656c62697373
0x00007f4c0da918b0:   0073657373657264 76616a4c28350000 

Instructions: (pc=0x00007f4c1df358be)
0x00007f4c1df3589e:   00 00 4c 89 f7 e8 88 70 1f 00 e9 4f ff ff ff 90
0x00007f4c1df358ae:   90 90 55 48 89 e5 53 48 83 ec 08 48 85 ff 74 3c
0x00007f4c1df358be:   48 8b 1f 48 85 db 74 34 48 b8 fe fe fe fe fe fe
0x00007f4c1df358ce:   fe fe 48 39 c3 74 25 48 8b 05 fc ec 6e 00 80 38 

Register to memory mapping:

RAX=0x0000000000000001 is an unknown value
RBX=0x00007f4c18004c00 is an unknown value
RCX=0x00007f4c1f0822e0: <offset 0x2182e0> in /lib/x86_64-linux-gnu/libpthread.so.0 at 0x00007f4c1ee6a000
RDX=0x00007f4c1e65b220: <offset 0xcf4220> in /opt/java/jdk1.7.0_25/jre/lib/amd64/server/libjvm.so at 0x00007f4c1d967000
RSP=0x00007f4c0da916c0 is pointing into the stack for thread: 0x00007f4c180f8000
RBP=0x00007f4c0da916d0 is pointing into the stack for thread: 0x00007f4c180f8000
RSI=0x00007f4c180f8000 is a thread
RDI=0x000000003b72656b is an unknown value
R8 =0x0000000000000056 is an unknown value
R9 =0x0000000000000000 is an unknown value
R10=0x0000000000000010 is an unknown value
R11=0x00007f4c1e814740: <offset 0x18d740> in /lib/x86_64-linux-gnu/libc.so.6 at 0x00007f4c1e687000
R12=0x0000000000000017 is an unknown value
R13=0x000000003b72656b is an unknown value
R14=0x00007f4c180f8000 is a thread
R15=0x00007f4c0da917d7 is pointing into the stack for thread: 0x00007f4c180f8000


Stack: [0x00007f4c0d992000,0x00007f4c0da93000],  sp=0x00007f4c0da916c0,  free space=1021k
Native frames: (J=compiled Java code, j=interpreted, Vv=VM code, C=native code)
V  [libjvm.so+0x5ce8be]  JNIHandles::checked_resolve_jmethod_id(_jmethodID*)+0xe
V  [libjvm.so+0x5c06ee]  jvmti_IsMethodSynthetic+0x22e
C  [libjdwp.so+0x252f2]  isMethodSynthetic+0x42
C  [libjdwp.so+0x6980]  methods1+0x1b0
C  [libjdwp.so+0x11806]  debugLoop_run+0x2b6
C  [libjdwp.so+0x2422f]  attachThread+0x2f
V  [libjvm.so+0x623217]  JvmtiAgentThread::call_start_function()+0x97
V  [libjvm.so+0x861bc8]  JavaThread::thread_main_inner()+0xc8
V  [libjvm.so+0x861d18]  JavaThread::run()+0x138
V  [libjvm.so+0x744270]  java_start(Thread*)+0x100


---------------  P R O C E S S  ---------------

Java Threads: ( => current thread )
  0x00007f4c18103800 JavaThread "Service Thread" daemon [_thread_blocked, id=3878, stack(0x00007f4c0d48d000,0x00007f4c0d58e000)]
  0x00007f4c18101000 JavaThread "C2 CompilerThread1" daemon [_thread_blocked, id=3877, stack(0x00007f4c0d58e000,0x00007f4c0d68f000)]
  0x00007f4c180fe000 JavaThread "C2 CompilerThread0" daemon [_thread_blocked, id=3876, stack(0x00007f4c0d68f000,0x00007f4c0d790000)]
  0x00007f4bd4001000 JavaThread "JDWP Command Reader" daemon [_thread_in_native, id=3874, stack(0x00007f4c0d790000,0x00007f4c0d891000)]
  0x00007f4c180fc000 JavaThread "JDWP Event Helper Thread" daemon [_thread_blocked, id=3872, stack(0x00007f4c0d891000,0x00007f4c0d992000)]
=>0x00007f4c180f8000 JavaThread "JDWP Transport Listener: dt_socket" daemon [_thread_in_vm, id=3870, stack(0x00007f4c0d992000,0x00007f4c0da93000)]
  0x00007f4c180eb800 JavaThread "Signal Dispatcher" daemon [_thread_blocked, id=3868, stack(0x00007f4c0dc97000,0x00007f4c0dd98000)]
  0x00007f4c1809e800 JavaThread "Finalizer" daemon [_thread_blocked, id=3867, stack(0x00007f4c0dd98000,0x00007f4c0de99000)]
  0x00007f4c1809c000 JavaThread "Reference Handler" daemon [_thread_blocked, id=3866, stack(0x00007f4c0de99000,0x00007f4c0df9a000)]
  0x00007f4c1800b000 JavaThread "main" [_thread_blocked, id=3857, stack(0x00007f4c1f183000,0x00007f4c1f284000)]

Other Threads:
  0x00007f4c18094800 VMThread [stack: 0x00007f4c0df9a000,0x00007f4c0e09b000] [id=3865]
  0x00007f4c18116000 WatcherThread [stack: 0x00007f4c0d38c000,0x00007f4c0d48d000] [id=3879]

VM state:not at safepoint (normal execution)

VM Mutex/Monitor currently owned by a thread: None

Heap
 PSYoungGen      total 36864K, used 1264K [0x00000007d6d60000, 0x00000007d9680000, 0x0000000800000000)
  eden space 31616K, 4% used [0x00000007d6d60000,0x00000007d6e9c308,0x00000007d8c40000)
  from space 5248K, 0% used [0x00000007d9160000,0x00000007d9160000,0x00000007d9680000)
  to   space 5248K, 0% used [0x00000007d8c40000,0x00000007d8c40000,0x00000007d9160000)
 ParOldGen       total 84288K, used 0K [0x0000000784800000, 0x0000000789a50000, 0x00000007d6d60000)
  object space 84288K, 0% used [0x0000000784800000,0x0000000784800000,0x0000000789a50000)
 PSPermGen       total 21248K, used 2733K [0x000000077f600000, 0x0000000780ac0000, 0x0000000784800000)
  object space 21248K, 12% used [0x000000077f600000,0x000000077f8ab6d8,0x0000000780ac0000)

Card table byte_map: [0x00007f4c147d2000,0x00007f4c14bd8000] byte_map_base: 0x00007f4c10bd7000

Polling page: 0x00007f4c1f2a6000

Code Cache  [0x00007f4c14bd8000, 0x00007f4c14e48000, 0x00007f4c17bd8000)
 total_blobs=173 nmethods=1 adapters=133 free_code_cache=48769Kb largest_free_block=49925184

Compilation events (2 events):
Event: 2,106 Thread 0x00007f4c18101000    1             java.util.Properties$LineReader::readLine (452 bytes)
Event: 2,130 Thread 0x00007f4c18101000 nmethod 1 0x00007f4c14c369d0 code [0x00007f4c14c36b80, 0x00007f4c14c374b8]

GC Heap History (0 events):
No events

Deoptimization events (0 events):
No events

Internal exceptions (2 events):
Event: 0,025 Thread 0x00007f4c1800b000 Threw 0x00000007d6d661b0 at /HUDSON/workspace/jdk7u25-2-build-linux-amd64-product/jdk7u25/hotspot/src/share/vm/prims/jni.cpp:3994
Event: 0,130 Thread 0x00007f4c1800b000 Threw 0x00000007d6da8e48 at /HUDSON/workspace/jdk7u25-2-build-linux-amd64-product/jdk7u25/hotspot/src/share/vm/prims/jvm.cpp:1235

Events (10 events):
Event: 16,388 Executing VM operation: ChangeSingleStep
Event: 16,388 Executing VM operation: ChangeSingleStep done
Event: 16,388 Executing VM operation: ChangeSingleStep
Event: 16,388 Executing VM operation: ChangeSingleStep done
Event: 20,469 Executing VM operation: RedefineClasses
Event: 20,469 Executing VM operation: RedefineClasses done
Event: 20,478 Executing VM operation: ChangeBreakpoints
Event: 20,478 Executing VM operation: ChangeBreakpoints done
Event: 73,222 Executing VM operation: RedefineClasses
Event: 73,222 Executing VM operation: RedefineClasses done


Dynamic libraries:
00400000-00401000 r-xp 00000000 08:01 4588192                            /opt/java/jdk1.7.0_25/bin/java
00600000-00601000 rw-p 00000000 08:01 4588192                            /opt/java/jdk1.7.0_25/bin/java
01576000-01597000 rw-p 00000000 00:00 0                                  [heap]
77f600000-780ac0000 rw-p 00000000 00:00 0 
780ac0000-784800000 rw-p 00000000 00:00 0 
784800000-789a50000 rw-p 00000000 00:00 0 
789a50000-7d6d60000 rw-p 00000000 00:00 0 
7d6d60000-7d9680000 rw-p 00000000 00:00 0 
7d9680000-800000000 rw-p 00000000 00:00 0 
7f4bbc000000-7f4bbc021000 rw-p 00000000 00:00 0 
7f4bbc021000-7f4bc0000000 ---p 00000000 00:00 0 
7f4bc4000000-7f4bc4021000 rw-p 00000000 00:00 0 
7f4bc4021000-7f4bc8000000 ---p 00000000 00:00 0 
7f4bc8000000-7f4bc8021000 rw-p 00000000 00:00 0 
7f4bc8021000-7f4bcc000000 ---p 00000000 00:00 0 
7f4bcc000000-7f4bcc021000 rw-p 00000000 00:00 0 
7f4bcc021000-7f4bd0000000 ---p 00000000 00:00 0 
7f4bd0000000-7f4bd0122000 rw-p 00000000 00:00 0 
7f4bd0122000-7f4bd4000000 ---p 00000000 00:00 0 
7f4bd4000000-7f4bd4028000 rw-p 00000000 00:00 0 
7f4bd4028000-7f4bd8000000 ---p 00000000 00:00 0 
7f4bd8000000-7f4bd8021000 rw-p 00000000 00:00 0 
7f4bd8021000-7f4bdc000000 ---p 00000000 00:00 0 
7f4bdc000000-7f4bdc021000 rw-p 00000000 00:00 0 
7f4bdc021000-7f4be0000000 ---p 00000000 00:00 0 
7f4be0000000-7f4be0021000 rw-p 00000000 00:00 0 
7f4be0021000-7f4be4000000 ---p 00000000 00:00 0 
7f4be4000000-7f4be4021000 rw-p 00000000 00:00 0 
7f4be4021000-7f4be8000000 ---p 00000000 00:00 0 
7f4bec000000-7f4bec021000 rw-p 00000000 00:00 0 
7f4bec021000-7f4bf0000000 ---p 00000000 00:00 0 
7f4bf3fb0000-7f4bf8000000 rw-p 00000000 00:00 0 
7f4bf8000000-7f4bf8021000 rw-p 00000000 00:00 0 
7f4bf8021000-7f4bfc000000 ---p 00000000 00:00 0 
7f4c00000000-7f4c00021000 rw-p 00000000 00:00 0 
7f4c00021000-7f4c04000000 ---p 00000000 00:00 0 
7f4c08000000-7f4c08021000 rw-p 00000000 00:00 0 
7f4c08021000-7f4c0c000000 ---p 00000000 00:00 0 
7f4c0cf4d000-7f4c0d176000 rw-p 00000000 00:00 0 
7f4c0d176000-7f4c0d18b000 r-xp 00000000 08:01 4588953                    /opt/java/jdk1.7.0_25/jre/lib/amd64/libnet.so
7f4c0d18b000-7f4c0d38b000 ---p 00015000 08:01 4588953                    /opt/java/jdk1.7.0_25/jre/lib/amd64/libnet.so
7f4c0d38b000-7f4c0d38c000 rw-p 00015000 08:01 4588953                    /opt/java/jdk1.7.0_25/jre/lib/amd64/libnet.so
7f4c0d38c000-7f4c0d38d000 ---p 00000000 00:00 0 
7f4c0d38d000-7f4c0d48d000 rw-p 00000000 00:00 0                          [stack:3879]
7f4c0d48d000-7f4c0d490000 ---p 00000000 00:00 0 
7f4c0d490000-7f4c0d58e000 rw-p 00000000 00:00 0                          [stack:3878]
7f4c0d58e000-7f4c0d591000 ---p 00000000 00:00 0 
7f4c0d591000-7f4c0d68f000 rw-p 00000000 00:00 0                          [stack:3877]
7f4c0d68f000-7f4c0d692000 ---p 00000000 00:00 0 
7f4c0d692000-7f4c0d790000 rw-p 00000000 00:00 0                          [stack:3876]
7f4c0d790000-7f4c0d793000 ---p 00000000 00:00 0 
7f4c0d793000-7f4c0d891000 rw-p 00000000 00:00 0                          [stack:3874]
7f4c0d891000-7f4c0d894000 ---p 00000000 00:00 0 
7f4c0d894000-7f4c0d992000 rw-p 00000000 00:00 0                          [stack:3872]
7f4c0d992000-7f4c0d995000 ---p 00000000 00:00 0 
7f4c0d995000-7f4c0da93000 rw-p 00000000 00:00 0                          [stack:3870]
7f4c0da93000-7f4c0da97000 r-xp 00000000 08:01 4588966                    /opt/java/jdk1.7.0_25/jre/lib/amd64/libdt_socket.so
7f4c0da97000-7f4c0dc96000 ---p 00004000 08:01 4588966                    /opt/java/jdk1.7.0_25/jre/lib/amd64/libdt_socket.so
7f4c0dc96000-7f4c0dc97000 rw-p 00003000 08:01 4588966                    /opt/java/jdk1.7.0_25/jre/lib/amd64/libdt_socket.so
7f4c0dc97000-7f4c0dc9a000 ---p 00000000 00:00 0 
7f4c0dc9a000-7f4c0dd98000 rw-p 00000000 00:00 0                          [stack:3868]
7f4c0dd98000-7f4c0dd9b000 ---p 00000000 00:00 0 
7f4c0dd9b000-7f4c0de99000 rw-p 00000000 00:00 0                          [stack:3867]
7f4c0de99000-7f4c0de9c000 ---p 00000000 00:00 0 
7f4c0de9c000-7f4c0df9a000 rw-p 00000000 00:00 0                          [stack:3866]
7f4c0df9a000-7f4c0df9b000 ---p 00000000 00:00 0 
7f4c0df9b000-7f4c10000000 rw-p 00000000 00:00 0                          [stack:3865]
7f4c10000000-7f4c10021000 rw-p 00000000 00:00 0 
7f4c10021000-7f4c14000000 ---p 00000000 00:00 0 
7f4c1400f000-7f4c1407f000 rw-p 00000000 00:00 0 
7f4c1407f000-7f4c1423c000 r--s 039f9000 08:01 4588719                    /opt/java/jdk1.7.0_25/jre/lib/rt.jar
7f4c1423c000-7f4c1423d000 ---p 00000000 00:00 0 
7f4c1423d000-7f4c1433d000 rw-p 00000000 00:00 0                          [stack:3864]
7f4c1433d000-7f4c1433e000 ---p 00000000 00:00 0 
7f4c1433e000-7f4c1443e000 rw-p 00000000 00:00 0                          [stack:3863]
7f4c1443e000-7f4c1443f000 ---p 00000000 00:00 0 
7f4c1443f000-7f4c14569000 rw-p 00000000 00:00 0                          [stack:3862]
7f4c14569000-7f4c147d2000 rw-p 00000000 00:00 0 
7f4c147d2000-7f4c147dd000 rw-p 00000000 00:00 0 
7f4c147dd000-7f4c147fb000 rw-p 00000000 00:00 0 
7f4c147fb000-7f4c14825000 rw-p 00000000 00:00 0 
7f4c14825000-7f4c14a8d000 rw-p 00000000 00:00 0 
7f4c14a8d000-7f4c14aa3000 rw-p 00000000 00:00 0 
7f4c14aa3000-7f4c14bd7000 rw-p 00000000 00:00 0 
7f4c14bd7000-7f4c14bd8000 rw-p 00000000 00:00 0 
7f4c14bd8000-7f4c14e48000 rwxp 00000000 00:00 0 
7f4c14e48000-7f4c17bd8000 rw-p 00000000 00:00 0 
7f4c17bd8000-7f4c17bf3000 r-xp 00000000 08:01 4588978                    /opt/java/jdk1.7.0_25/jre/lib/amd64/libzip.so
7f4c17bf3000-7f4c17df2000 ---p 0001b000 08:01 4588978                    /opt/java/jdk1.7.0_25/jre/lib/amd64/libzip.so
7f4c17df2000-7f4c17df3000 rw-p 0001a000 08:01 4588978                    /opt/java/jdk1.7.0_25/jre/lib/amd64/libzip.so
7f4c17df3000-7f4c17dff000 r-xp 00000000 08:01 6955105                    /lib/x86_64-linux-gnu/libnss_files-2.17.so
7f4c17dff000-7f4c17ffe000 ---p 0000c000 08:01 6955105                    /lib/x86_64-linux-gnu/libnss_files-2.17.so
7f4c17ffe000-7f4c17fff000 r--p 0000b000 08:01 6955105                    /lib/x86_64-linux-gnu/libnss_files-2.17.so
7f4c17fff000-7f4c18000000 rw-p 0000c000 08:01 6955105                    /lib/x86_64-linux-gnu/libnss_files-2.17.so
7f4c18000000-7f4c1815a000 rw-p 00000000 00:00 0 
7f4c1815a000-7f4c1c000000 ---p 00000000 00:00 0 
7f4c1c005000-7f4c1c090000 rw-p 00000000 00:00 0 
7f4c1c090000-7f4c1c091000 ---p 00000000 00:00 0 
7f4c1c091000-7f4c1c19c000 rw-p 00000000 00:00 0                          [stack:3861]
7f4c1c19c000-7f4c1c1ba000 rw-p 00000000 00:00 0 
7f4c1c1ba000-7f4c1c1c5000 r-xp 00000000 08:01 6955089                    /lib/x86_64-linux-gnu/libnss_nis-2.17.so
7f4c1c1c5000-7f4c1c3c4000 ---p 0000b000 08:01 6955089                    /lib/x86_64-linux-gnu/libnss_nis-2.17.so
7f4c1c3c4000-7f4c1c3c5000 r--p 0000a000 08:01 6955089                    /lib/x86_64-linux-gnu/libnss_nis-2.17.so
7f4c1c3c5000-7f4c1c3c6000 rw-p 0000b000 08:01 6955089                    /lib/x86_64-linux-gnu/libnss_nis-2.17.so
7f4c1c3c6000-7f4c1c3dd000 r-xp 00000000 08:01 6950365                    /lib/x86_64-linux-gnu/libnsl-2.17.so
7f4c1c3dd000-7f4c1c5dc000 ---p 00017000 08:01 6950365                    /lib/x86_64-linux-gnu/libnsl-2.17.so
7f4c1c5dc000-7f4c1c5dd000 r--p 00016000 08:01 6950365                    /lib/x86_64-linux-gnu/libnsl-2.17.so
7f4c1c5dd000-7f4c1c5de000 rw-p 00017000 08:01 6950365                    /lib/x86_64-linux-gnu/libnsl-2.17.so
7f4c1c5de000-7f4c1c5e0000 rw-p 00000000 00:00 0 
7f4c1c5e0000-7f4c1c5e8000 r-xp 00000000 08:01 6950494                    /lib/x86_64-linux-gnu/libnss_compat-2.17.so
7f4c1c5e8000-7f4c1c7e7000 ---p 00008000 08:01 6950494                    /lib/x86_64-linux-gnu/libnss_compat-2.17.so
7f4c1c7e7000-7f4c1c7e8000 r--p 00007000 08:01 6950494                    /lib/x86_64-linux-gnu/libnss_compat-2.17.so
7f4c1c7e8000-7f4c1c7e9000 rw-p 00008000 08:01 6950494                    /lib/x86_64-linux-gnu/libnss_compat-2.17.so
7f4c1c7e9000-7f4c1cbe4000 r--p 00000000 08:01 2625744                    /usr/lib/locale/locale-archive
7f4c1cbe4000-7f4c1cbe7000 r-xp 00000000 08:01 4588985                    /opt/java/jdk1.7.0_25/jre/lib/amd64/libnpt.so
7f4c1cbe7000-7f4c1cde6000 ---p 00003000 08:01 4588985                    /opt/java/jdk1.7.0_25/jre/lib/amd64/libnpt.so
7f4c1cde6000-7f4c1cde7000 rw-p 00002000 08:01 4588985                    /opt/java/jdk1.7.0_25/jre/lib/amd64/libnpt.so
7f4c1cde7000-7f4c1ce20000 r-xp 00000000 08:01 4588964                    /opt/java/jdk1.7.0_25/jre/lib/amd64/libjdwp.so
7f4c1ce20000-7f4c1d01f000 ---p 00039000 08:01 4588964                    /opt/java/jdk1.7.0_25/jre/lib/amd64/libjdwp.so
7f4c1d01f000-7f4c1d021000 rw-p 00038000 08:01 4588964                    /opt/java/jdk1.7.0_25/jre/lib/amd64/libjdwp.so
7f4c1d021000-7f4c1d04a000 r-xp 00000000 08:01 4588969                    /opt/java/jdk1.7.0_25/jre/lib/amd64/libjava.so
7f4c1d04a000-7f4c1d24a000 ---p 00029000 08:01 4588969                    /opt/java/jdk1.7.0_25/jre/lib/amd64/libjava.so
7f4c1d24a000-7f4c1d24c000 rw-p 00029000 08:01 4588969                    /opt/java/jdk1.7.0_25/jre/lib/amd64/libjava.so
7f4c1d24c000-7f4c1d259000 r-xp 00000000 08:01 4588958                    /opt/java/jdk1.7.0_25/jre/lib/amd64/libverify.so
7f4c1d259000-7f4c1d458000 ---p 0000d000 08:01 4588958                    /opt/java/jdk1.7.0_25/jre/lib/amd64/libverify.so
7f4c1d458000-7f4c1d45a000 rw-p 0000c000 08:01 4588958                    /opt/java/jdk1.7.0_25/jre/lib/amd64/libverify.so
7f4c1d45a000-7f4c1d461000 r-xp 00000000 08:01 6950356                    /lib/x86_64-linux-gnu/librt-2.17.so
7f4c1d461000-7f4c1d660000 ---p 00007000 08:01 6950356                    /lib/x86_64-linux-gnu/librt-2.17.so
7f4c1d660000-7f4c1d661000 r--p 00006000 08:01 6950356                    /lib/x86_64-linux-gnu/librt-2.17.so
7f4c1d661000-7f4c1d662000 rw-p 00007000 08:01 6950356                    /lib/x86_64-linux-gnu/librt-2.17.so
7f4c1d662000-7f4c1d765000 r-xp 00000000 08:01 6955081                    /lib/x86_64-linux-gnu/libm-2.17.so
7f4c1d765000-7f4c1d965000 ---p 00103000 08:01 6955081                    /lib/x86_64-linux-gnu/libm-2.17.so
7f4c1d965000-7f4c1d966000 r--p 00103000 08:01 6955081                    /lib/x86_64-linux-gnu/libm-2.17.so
7f4c1d966000-7f4c1d967000 rw-p 00104000 08:01 6955081                    /lib/x86_64-linux-gnu/libm-2.17.so
7f4c1d967000-7f4c1e3a8000 r-xp 00000000 08:01 4588976                    /opt/java/jdk1.7.0_25/jre/lib/amd64/server/libjvm.so
7f4c1e3a8000-7f4c1e5a8000 ---p 00a41000 08:01 4588976                    /opt/java/jdk1.7.0_25/jre/lib/amd64/server/libjvm.so
7f4c1e5a8000-7f4c1e64b000 rw-p 00a41000 08:01 4588976                    /opt/java/jdk1.7.0_25/jre/lib/amd64/server/libjvm.so
7f4c1e64b000-7f4c1e687000 rw-p 00000000 00:00 0 
7f4c1e687000-7f4c1e845000 r-xp 00000000 08:01 6950449                    /lib/x86_64-linux-gnu/libc-2.17.so
7f4c1e845000-7f4c1ea44000 ---p 001be000 08:01 6950449                    /lib/x86_64-linux-gnu/libc-2.17.so
7f4c1ea44000-7f4c1ea48000 r--p 001bd000 08:01 6950449                    /lib/x86_64-linux-gnu/libc-2.17.so
7f4c1ea48000-7f4c1ea4a000 rw-p 001c1000 08:01 6950449                    /lib/x86_64-linux-gnu/libc-2.17.so
7f4c1ea4a000-7f4c1ea4f000 rw-p 00000000 00:00 0 
7f4c1ea4f000-7f4c1ea52000 r-xp 00000000 08:01 6950476                    /lib/x86_64-linux-gnu/libdl-2.17.so
7f4c1ea52000-7f4c1ec51000 ---p 00003000 08:01 6950476                    /lib/x86_64-linux-gnu/libdl-2.17.so
7f4c1ec51000-7f4c1ec52000 r--p 00002000 08:01 6950476                    /lib/x86_64-linux-gnu/libdl-2.17.so
7f4c1ec52000-7f4c1ec53000 rw-p 00003000 08:01 6950476                    /lib/x86_64-linux-gnu/libdl-2.17.so
7f4c1ec53000-7f4c1ec69000 r-xp 00000000 08:01 4588998                    /opt/java/jdk1.7.0_25/jre/lib/amd64/jli/libjli.so
7f4c1ec69000-7f4c1ee69000 ---p 00016000 08:01 4588998                    /opt/java/jdk1.7.0_25/jre/lib/amd64/jli/libjli.so
7f4c1ee69000-7f4c1ee6a000 rw-p 00016000 08:01 4588998                    /opt/java/jdk1.7.0_25/jre/lib/amd64/jli/libjli.so
7f4c1ee6a000-7f4c1ee82000 r-xp 00000000 08:01 6955077                    /lib/x86_64-linux-gnu/libpthread-2.17.so
7f4c1ee82000-7f4c1f081000 ---p 00018000 08:01 6955077                    /lib/x86_64-linux-gnu/libpthread-2.17.so
7f4c1f081000-7f4c1f082000 r--p 00017000 08:01 6955077                    /lib/x86_64-linux-gnu/libpthread-2.17.so
7f4c1f082000-7f4c1f083000 rw-p 00018000 08:01 6955077                    /lib/x86_64-linux-gnu/libpthread-2.17.so
7f4c1f083000-7f4c1f087000 rw-p 00000000 00:00 0 
7f4c1f087000-7f4c1f0aa000 r-xp 00000000 08:01 6950395                    /lib/x86_64-linux-gnu/ld-2.17.so
7f4c1f0c3000-7f4c1f0cd000 rw-p 00000000 00:00 0 
7f4c1f0cd000-7f4c1f183000 rw-p 00000000 00:00 0 
7f4c1f183000-7f4c1f186000 ---p 00000000 00:00 0 
7f4c1f186000-7f4c1f288000 rw-p 00000000 00:00 0                          [stack:3857]
7f4c1f29b000-7f4c1f29d000 rw-p 00000000 00:00 0 
7f4c1f29d000-7f4c1f2a5000 rw-s 00000000 08:01 4980885                    /tmp/hsperfdata_hkyten/3854
7f4c1f2a5000-7f4c1f2a6000 rw-p 00000000 00:00 0 
7f4c1f2a6000-7f4c1f2a7000 r--p 00000000 00:00 0 
7f4c1f2a7000-7f4c1f2a9000 rw-p 00000000 00:00 0 
7f4c1f2a9000-7f4c1f2aa000 r--p 00022000 08:01 6950395                    /lib/x86_64-linux-gnu/ld-2.17.so
7f4c1f2aa000-7f4c1f2ac000 rw-p 00023000 08:01 6950395                    /lib/x86_64-linux-gnu/ld-2.17.so
7fffd03b3000-7fffd03d4000 rw-p 00000000 00:00 0                          [stack]
7fffd03fe000-7fffd0400000 r-xp 00000000 00:00 0                          [vdso]
ffffffffff600000-ffffffffff601000 r-xp 00000000 00:00 0                  [vsyscall]

VM Arguments:
jvm_args: -agentlib:jdwp=transport=dt_socket,suspend=y,address=localhost:50073 -Dfile.encoding=UTF-8 
java_command: com.github.kilel.ipseeker.IpSeeker
Launcher Type: SUN_STANDARD

Environment Variables:
PATH=/usr/lib/x86_64-linux-gnu/qt4/bin:/usr/lib/lightdm/lightdm:/usr/local/sbin:/usr/local/bin:/usr/sbin:/usr/bin:/sbin:/bin:/usr/games:/usr/local/games
SHELL=/bin/bash
DISPLAY=:0

Signal Handlers:
SIGSEGV: [libjvm.so+0x8a26a0], sa_mask[0]=0x7ffbfeff, sa_flags=0x10000004
SIGBUS: [libjvm.so+0x8a26a0], sa_mask[0]=0x7ffbfeff, sa_flags=0x10000004
SIGFPE: [libjvm.so+0x73f3d0], sa_mask[0]=0x7ffbfeff, sa_flags=0x10000004
SIGPIPE: [libjvm.so+0x73f3d0], sa_mask[0]=0x7ffbfeff, sa_flags=0x10000004
SIGXFSZ: [libjvm.so+0x73f3d0], sa_mask[0]=0x7ffbfeff, sa_flags=0x10000004
SIGILL: [libjvm.so+0x73f3d0], sa_mask[0]=0x7ffbfeff, sa_flags=0x10000004
SIGUSR1: SIG_DFL, sa_mask[0]=0x00000000, sa_flags=0x00000000
SIGUSR2: [libjvm.so+0x73ed20], sa_mask[0]=0x00000004, sa_flags=0x10000004
SIGHUP: [libjvm.so+0x7410b0], sa_mask[0]=0x7ffbfeff, sa_flags=0x10000004
SIGINT: [libjvm.so+0x7410b0], sa_mask[0]=0x7ffbfeff, sa_flags=0x10000004
SIGTERM: [libjvm.so+0x7410b0], sa_mask[0]=0x7ffbfeff, sa_flags=0x10000004
SIGQUIT: [libjvm.so+0x7410b0], sa_mask[0]=0x7ffbfeff, sa_flags=0x10000004


---------------  S Y S T E M  ---------------

OS:wheezy/sid

uname:Linux 3.8.0-25-generic #37-Ubuntu SMP Thu Jun 6 20:47:07 UTC 2013 x86_64
libc:glibc 2.17 NPTL 2.17 
rlimit: STACK 8192k, CORE 0k, NPROC 62537, NOFILE 4096, AS infinity
load average:0,54 0,34 0,22

/proc/meminfo:
MemTotal:        8089544 kB
MemFree:         5319372 kB
Buffers:           81804 kB
Cached:          1221928 kB
SwapCached:            0 kB
Active:          1510788 kB
Inactive:        1056496 kB
Active(anon):    1267824 kB
Inactive(anon):   132872 kB
Active(file):     242964 kB
Inactive(file):   923624 kB
Unevictable:          32 kB
Mlocked:              32 kB
SwapTotal:       7595004 kB
SwapFree:        7595004 kB
Dirty:                84 kB
Writeback:             0 kB
AnonPages:       1263716 kB
Mapped:           234556 kB
Shmem:            137248 kB
Slab:              89192 kB
SReclaimable:      57216 kB
SUnreclaim:        31976 kB
KernelStack:        4112 kB
PageTables:        35792 kB
NFS_Unstable:          0 kB
Bounce:                0 kB
WritebackTmp:          0 kB
CommitLimit:    11639776 kB
Committed_AS:    3719876 kB
VmallocTotal:   34359738367 kB
VmallocUsed:      356224 kB
VmallocChunk:   34359377560 kB
HardwareCorrupted:     0 kB
AnonHugePages:         0 kB
HugePages_Total:       0
HugePages_Free:        0
HugePages_Rsvd:        0
HugePages_Surp:        0
Hugepagesize:       2048 kB
DirectMap4k:       73728 kB
DirectMap2M:     8230912 kB


CPU:total 4 (2 cores per cpu, 2 threads per core) family 6 model 42 stepping 7, cmov, cx8, fxsr, mmx, sse, sse2, sse3, ssse3, sse4.1, sse4.2, popcnt, avx, ht, tsc, tscinvbit

/proc/cpuinfo:
processor	: 0
vendor_id	: GenuineIntel
cpu family	: 6
model		: 42
model name	: Intel(R) Core(TM) i3-2350M CPU @ 2.30GHz
stepping	: 7
microcode	: 0x25
cpu MHz		: 800.000
cache size	: 3072 KB
physical id	: 0
siblings	: 4
core id		: 0
cpu cores	: 2
apicid		: 0
initial apicid	: 0
fpu		: yes
fpu_exception	: yes
cpuid level	: 13
wp		: yes
flags		: fpu vme de pse tsc msr pae mce cx8 apic sep mtrr pge mca cmov pat pse36 clflush dts acpi mmx fxsr sse sse2 ss ht tm pbe syscall nx rdtscp lm constant_tsc arch_perfmon pebs bts nopl xtopology nonstop_tsc aperfmperf eagerfpu pni pclmulqdq dtes64 monitor ds_cpl vmx est tm2 ssse3 cx16 xtpr pdcm pcid sse4_1 sse4_2 x2apic popcnt tsc_deadline_timer xsave avx lahf_lm arat epb xsaveopt pln pts dtherm tpr_shadow vnmi flexpriority ept vpid
bogomips	: 4589.89
clflush size	: 64
cache_alignment	: 64
address sizes	: 36 bits physical, 48 bits virtual
power management:

processor	: 1
vendor_id	: GenuineIntel
cpu family	: 6
model		: 42
model name	: Intel(R) Core(TM) i3-2350M CPU @ 2.30GHz
stepping	: 7
microcode	: 0x25
cpu MHz		: 1000.000
cache size	: 3072 KB
physical id	: 0
siblings	: 4
core id		: 0
cpu cores	: 2
apicid		: 1
initial apicid	: 1
fpu		: yes
fpu_exception	: yes
cpuid level	: 13
wp		: yes
flags		: fpu vme de pse tsc msr pae mce cx8 apic sep mtrr pge mca cmov pat pse36 clflush dts acpi mmx fxsr sse sse2 ss ht tm pbe syscall nx rdtscp lm constant_tsc arch_perfmon pebs bts nopl xtopology nonstop_tsc aperfmperf eagerfpu pni pclmulqdq dtes64 monitor ds_cpl vmx est tm2 ssse3 cx16 xtpr pdcm pcid sse4_1 sse4_2 x2apic popcnt tsc_deadline_timer xsave avx lahf_lm arat epb xsaveopt pln pts dtherm tpr_shadow vnmi flexpriority ept vpid
bogomips	: 4589.89
clflush size	: 64
cache_alignment	: 64
address sizes	: 36 bits physical, 48 bits virtual
power management:

processor	: 2
vendor_id	: GenuineIntel
cpu family	: 6
model		: 42
model name	: Intel(R) Core(TM) i3-2350M CPU @ 2.30GHz
stepping	: 7
microcode	: 0x25
cpu MHz		: 1400.000
cache size	: 3072 KB
physical id	: 0
siblings	: 4
core id		: 1
cpu cores	: 2
apicid		: 2
initial apicid	: 2
fpu		: yes
fpu_exception	: yes
cpuid level	: 13
wp		: yes
flags		: fpu vme de pse tsc msr pae mce cx8 apic sep mtrr pge mca cmov pat pse36 clflush dts acpi mmx fxsr sse sse2 ss ht tm pbe syscall nx rdtscp lm constant_tsc arch_perfmon pebs bts nopl xtopology nonstop_tsc aperfmperf eagerfpu pni pclmulqdq dtes64 monitor ds_cpl vmx est tm2 ssse3 cx16 xtpr pdcm pcid sse4_1 sse4_2 x2apic popcnt tsc_deadline_timer xsave avx lahf_lm arat epb xsaveopt pln pts dtherm tpr_shadow vnmi flexpriority ept vpid
bogomips	: 4589.89
clflush size	: 64
cache_alignment	: 64
address sizes	: 36 bits physical, 48 bits virtual
power management:

processor	: 3
vendor_id	: GenuineIntel
cpu family	: 6
model		: 42
model name	: Intel(R) Core(TM) i3-2350M CPU @ 2.30GHz
stepping	: 7
microcode	: 0x25
cpu MHz		: 2300.000
cache size	: 3072 KB
physical id	: 0
siblings	: 4
core id		: 1
cpu cores	: 2
apicid		: 3
initial apicid	: 3
fpu		: yes
fpu_exception	: yes
cpuid level	: 13
wp		: yes
flags		: fpu vme de pse tsc msr pae mce cx8 apic sep mtrr pge mca cmov pat pse36 clflush dts acpi mmx fxsr sse sse2 ss ht tm pbe syscall nx rdtscp lm constant_tsc arch_perfmon pebs bts nopl xtopology nonstop_tsc aperfmperf eagerfpu pni pclmulqdq dtes64 monitor ds_cpl vmx est tm2 ssse3 cx16 xtpr pdcm pcid sse4_1 sse4_2 x2apic popcnt tsc_deadline_timer xsave avx lahf_lm arat epb xsaveopt pln pts dtherm tpr_shadow vnmi flexpriority ept vpid
bogomips	: 4589.89
clflush size	: 64
cache_alignment	: 64
address sizes	: 36 bits physical, 48 bits virtual
power management:



Memory: 4k page, physical 8089544k(5319372k free), swap 7595004k(7595004k free)

vm_info: Java HotSpot(TM) 64-Bit Server VM (23.25-b01) for linux-amd64 JRE (1.7.0_25-b15), built on Jun  5 2013 20:48:36 by "java_re" with gcc 4.3.0 20080428 (Red Hat 4.3.0-8)

time: Fri Sep 13 09:25:32 2013
elapsed time: 73 seconds

